5210,okhttp,29433
4952344,spring-boot,30434
9511697,MPAndroidChart,24659
5210,okhttp,29433
4952344,spring-boot,30434
9511697,MPAndroidChart,24659
11595060,AndroidSwipeLayout,10667
12979968,deeplearning4j,9757
13066443,guava,27729
15444059,ViewPagerIndicator,2202
16286325,deeplearning4j,9757
18025548,HanLP,9306
18583902,android,1940
41943475,Luban,8649
72576088,PermissionsDispatcher,8152
86538111,Signal-Android,10491
99073577,proxyee-down,17309
1366147,neo4j,5616
2851222,LitePal,5516
3449537,PagerSlidingTabStrip,6627
13061306,MaterialEditText,5449
20684774,symphony,6767
26148826,material-theme-jetbrains,6411
28965542,AndroidAutoLayout,6425
42172427,okhttputils,6444
52699490,ARouter,7754
66219039,spring-boot-examples,6308
100806689,RxTool,7777
7234791,android-common,3180
9528425,NumberProgressBar,5212
9979642,AndroidImageSlider,5227
11610797,storm,5373  
61822131,SpringCloudLearning,4847
95358827,ActiveAndroid,4613
99436582,vjtools,4632
3364545,nanohttpd,4171
7685661,Bolts-Android,3595
10957348,FloatingActionButton,3992
20601288,BGARefreshLayout-Android,3793
21896761,dexposed,3961
24999385,FlowLayout,4358
32026360,ctci,4315
39506004,ssm,3664
42080368,android-zxingLibrary,3632
54447913,walle,3772
59394101,CalendarView,3585
73740605,elastic-job-lite,4200
4734543,ASimpleCache,3193
10219334,XCL-Charts,3160
11385430,android-common,3180
16413483,LoganSquare,3164
27322963,GalleryFinal,3127
27406556,GalleryFinal,3127
32453698,SeeWeather,3311
46170837,ImagePicker,3328
51223498,APIJSON,3277
52465720,CloudReader,3227
16416,gephi,2913
11256667,AndroidViewHover,2975
11850935,JamsMusicPlayer,2855
13047207,GsonFormat,2754
13593381,Mapper,2654
18195577,android-betterpickers,2719
27360498,Highlight,2587
27756171,FastDev4Android,2674
34860649,Android-ZBLibrary,2899
37368228,Java,2795
39530095,GuideView,2659
43933293,SpringCloud-Learning,2975
59650728,Robust,2939
79709321,smartTable,2688
96382470,LayoutManagerGroup,2912
2248905,greys-anatomy,2426
22507676,RichText,2532
30235627,MarsDaemon,2499
30455666,java-learning,2563
34629284,ActivityRouter,2571
63188106,sugar,2558
67778998,pulsar,2465
71020762,ViewpagerTransition,2580
72405233,paascloud-master,2509
83808371,FloatWindow,2391
92587122,bisq,2472
10527161,AnimationEasingFunctions,2174
11541492,weixin-java-tools,2196
12564049,ViewPagerIndicator,2202
16153227,AndroidTagGroup,2192
27395935,CountdownView,2273
30066420,MyBatis-Spring-Boot,2217
35850409,mpush,2208
44737543,RecyclerViewCardGallery,2167
52322745,Aria,2176
3080,nutz,1935
5613772,pentaho-kettle,2100
12473047,android,1940
21225082,light-task-scheduler,2006
22205189,ignite,2046
23954782,PhotoView,2077
36788132,citypicker,1939
41755257,LRecyclerView,2069
53314882,PanoramaImageView,1973
65145607,CommonUtilLibrary,2050
66219176,spring-cloud-examples,2116
66606780,RxEasyHttp,2000
95170246,SimpleCropView,2058
5378,Bukkit,1866
13061710,android-PullRefreshLayout,1933
13335107,android-ripple-background,1882
14962074,DataMiningAlgorithm,1900
31482988,understand-plugin-framework,1859
52989942,ZLayoutManager,1924
59010108,PersistentSearch,1899
